{"ts":"2020-05-31T21:38:56.322","pid":2844,"tid":"3538","sev":"info","req":"-","sess":"-","k":"fault-reporting-init","v":{"log-path":"C:\\Users\\SrilekhaMurarishetty\\Documents\\My Tableau Repository\\Logs\\crashdumps\\hyperd-error_2844_20-0531-213856.log"}}
{"ts":"2020-05-31T21:38:56.337","pid":2844,"tid":"3538","sev":"info","req":"-","sess":"-","k":"startup-info","v":{"command-line":"C:\\Program Files\\Tableau\\Tableau 2020.2\\bin\\hyper\\hyperd.exe -x Tableau.LogLevel.Info= -x crash_dump_path=C:\\Users\\SrilekhaMurarishetty\\Documents\\My Tableau Repository\\Logs\\crashdumps -x date_style=MDY -x fallback_on_unknown_locale=en_US -x language=en_US -x log_config=file,json,all,hyperd,0 -x log_file_backup_size_limit=1m --database=C:\\Users\\SRILEK~1\\AppData\\Local\\Temp\\TableauTemp\\1lj1lrz1ioaoax11sy6xg132mrph\\hyper_db --init=overwrite --init-user=tableau_internal_user --log-dir=C:\\Users\\SrilekhaMurarishetty\\Documents\\My Tableau Repository\\Logs --no-password --skip-license --telemetry-opt-in --listen-connection tab.pipe://./pipe/auto --callback-connection tab.pipe://./pipe/{B3D28121-70B2-427D-8DB4-ACFAC11E4ED6} run","server-version":"9.1.0","build-version":"2020.2.0.9947.r20122e58","build-type":"Release","build-cpu-features":["sse2","sse4.2"],"network-threads":4,"parent-pid":1172,"min-protocol-version":1,"max-protocol-version":1,"temp-directory":"\\\\?\\C:\\Users\\SrilekhaMurarishetty\\AppData\\Local\\Temp"}}
{"ts":"2020-05-31T21:38:56.337","pid":2844,"tid":"3538","sev":"info","req":"-","sess":"-","k":"startup-settings","v":{"settings":{"Hyper.Mode.Experimental": "", "Hyper.Mode.Standard": "", "Tableau.LogLevel.Debug": "", "Tableau.LogLevel.Error": "", "Tableau.LogLevel.Fatal": "", "Tableau.LogLevel.Info": "", "Tableau.LogLevel.Off": "", "Tableau.LogLevel.Trace": "", "Tableau.LogLevel.Warn": "", "adaptive_compilation": true, "case_contains_optimization_mode": "3", "client_slow_phase_threshold": "100ms", "client_slow_threshold": "200ms", "compilation_slow_threshold": "200ms", "crash_dump_path": "\"C:\\Users\\SrilekhaMurarishetty\\Documents\\My Tableau Repository\\Logs\\crashdumps\"", "database_canonicalize_paths": true, "database_dir_blacklist": "", "database_dir_whitelist": "", "database_directory": "", "database_directory_implementation": "localfile", "database_directory_mapping_rules": "[]", "database_path_canonicalization_threshold": "100ms", "date_style": "MDY", "date_style_lenient": true, "dbcache_directory": "\"\"", "dbcache_disk_limit": "0", "dbcache_entry_lifetime": "10080min", "dbcache_entry_limit": -1, "deduplicate_query_fragments": true, "default_database_version": "0", "enable_scheduler_task_preemption_cancellation": false, "extra_float_digits": 0, "fallback_on_unknown_locale": "en_us", "file_partition_size_limit": "0", "force_shadow_objectstore": false, "global_file_partition_size_limit": "0", "hard_concurrent_query_thread_limit": "150%", "hyper_temp_directory_override": "\"\"", "lambda_restriction_only_if_unreusable": true, "language": "en_US", "llvm_compilation_cpu_features": "-avx512ifma,-avx512dq,-avx512er,-avx512vpopcntdq,-avx512vl,-avx512cd,-avx512f,-avx512bw,-avx512vbmi,-avx512pf", "load_interpretation": "internal", "load_system_update_interval": "1s", "log_adaptive_optimization": false, "log_block_partition": false, "log_bulk_insert": false, "log_bump_allocator": false, "log_cluster_state_directory": false, "log_code_metrics": false, "log_collation_mismatch": true, "log_common_subexpression_extraction": false, "log_common_subexpression_hoisting": false, "log_config": "file,json,all,hyperd,0", "log_connection": false, "log_constraint_check": false, "log_continuations": false, "log_copy_external_stream": false, "log_database": false, "log_dist_lock": false, "log_expression_reuse": false, "log_external_streams": false, "log_external_table_cache": false, "log_file_backup_size_limit": "1024k", "log_file_max_count": 0, "log_file_path": "\"\\\\?\\C:\\Users\\SrilekhaMurarishetty\\Documents\\My Tableau Repository\\Logs\"", "log_file_size_limit": "0", "log_filter_join": false, "log_hashtable_sizes": false, "log_join_plan": false, "log_memory_tracker": false, "log_memory_tracker_threshold": "16777215t", "log_objectstore": false, "log_optimizer_statistics": false, "log_optimizersteps": false, "log_pipeline_dependencies": false, "log_pipelines": false, "log_plan_cache": false, "log_queries": true, "log_query_cpu": true, "log_query_graph": false, "log_query_plans": false, "log_resource_usage_interval": "10s", "log_resource_usage_mode": "19", "log_sample": false, "log_scheduler": false, "log_scheduler_condvar": false, "log_schema_serialization": false, "log_script_pipelines": false, "log_service_name": "hyperd", "log_spooling_fallback_verbose": false, "log_stack_on_error": false, "log_statement_latches": false, "log_timing": false, "log_translation_mapping_choice": false, "log_troublesome_query_plans": true, "log_unflushedmemory": false, "log_writebuffer": false, "max_query_size": "64m", "memory_limit": "80%", "memtracker_hard_reclaim_threshold": "80%", "memtracker_soft_reclaim_threshold": "50%", "metric_additional_headers": "", "metric_additional_payload": "", "metric_certificate_path": "", "metric_publish_interval": "0s", "metric_server_host": "", "metric_server_path": "", "metric_server_port": 443, "metric_skip_verify_peer": false, "metric_use_gzip": false, "metrics_memory_limit": "50m", "named_pipes_allow_all_users": false, "network_threads": "100%", "objectstore_backing_resource_slow_threshold": "200ms", "objectstore_validate_checksums": false, "open_files_ulimit": 0, "optimize_extract_year": true, "optimize_hoist_contains_from_map": true, "optimize_inlineable_expression": true, "optimize_lambda_restriction": true, "optimize_searched_case_const_lookup": true, "optimize_tde_lambda_restriction": true, "password_encryption": "md5", "query_settings": "", "query_total_time_limit": "0s", "request_database_threshold": "500ms", "restrict_database_directory": true, "sample_cluster_block_factor": 0.1, "sample_cluster_block_factor_threshold": 0.001, "sample_max_tuples": 100000000, "sample_max_tuples_persisted": 1000, "sample_min_tuples": 1000, "sample_size_factor": 0.005, "scheduler_load_include_queue_length": false, "scheduler_task_preemption_cancellation_threshold": "120min", "scheduler_task_preemption_cancellation_threshold25": "30min", "scheduler_task_preemption_cancellation_threshold50": "5min", "scheduler_task_preemption_frequency": "1s", "session_memory_limit": "16777215t", "short_circuiting": true, "single_file_storage_implementation": "mmap", "soft_concurrent_query_thread_limit": "100%", "srm_cpu_limit_use_average": true, "srm_detailed_logging": false, "srm_logging_multiple": 900, "storage_providers": "", "string_pool_file_allocation": "16m", "tde_scan_once_default": false, "telemetry_production_mode": true, "temp_disk_space_limit": "100%", "transitive_join_condition_optimization_limit": 7, "troublesome_query_execution_threshold": "10s", "two_digit_year_threshold": 70, "use_containsany": true, "use_new_join_estimates": true, "use_spooling_fallback": true, "watchdog_timeout": "5min", "writebuffer_max_size_per_thread": "0", "writebuffer_min_size_per_query": "0"}}}
{"ts":"2020-05-31T21:38:56.337","pid":2844,"tid":"3538","sev":"info","req":"-","sess":"-","k":"cpu-info","v":{"physical-cores":2,"logical-cores":4,"cpu-vendor":"GenuineIntel","cpu-stepping":9,"cpu-model":14,"cpu-family":6,"cpu-processor-type":0,"cpu-extended-model":8,"cpu-extended-family":0,"feature-flags":"00000000000010000000011011101001|00000010000100000000100000000000|01111111111110101111101111111111|10111111111010111111101111111111|00000010100111000110111110111111|00000000000000000000000000000000|10011100000000000010010000000000"}}
{"ts":"2020-05-31T21:38:56.337","pid":2844,"tid":"3538","sev":"info","req":"-","sess":"-","k":"compilation-cpu-features","v":{"cpu":"skylake","features":["sse2","cx16","-tbm","-avx512ifma","-avx512dq","-fma4","prfchw","bmi2","xsavec","fsgsbase","popcnt","aes","xsaves","-avx512er","-avx512vpopcntdq","-clwb","-avx512f","-clzero","-pku","mmx","-lwp","-xop","rdseed","-sse4a","-avx512bw","clflushopt","xsave","-avx512vl","-avx512cd","avx","rtm","fma","bmi","rdrnd","-mwaitx","sse4.1","sse4.2","avx2","sse","lzcnt","pclmul","-prefetchwt1","f16c","ssse3","sgx","cmov","-avx512vbmi","movbe","xsaveopt","-sha","adx","-avx512pf","sse3"]}}
{"ts":"2020-05-31T21:38:56.338","pid":2844,"tid":"3538","sev":"info","req":"-","sess":"-","k":"operating-system-info","v":{"operating-system-name":"Windows","operating-system-version":"10.0.18362.329"}}
{"ts":"2020-05-31T21:38:56.341","pid":2844,"tid":"3538","sev":"info","req":"-","sess":"-","k":"memory-info","v":{"physical-memory-mb":8031.75,"virtual-memory-mb":20831.8,"page-alignment-size":65536}}
{"ts":"2020-05-31T21:38:56.341","pid":2844,"tid":"3538","sev":"warning","req":"-","sess":"-","k":"redo-log-not-persisted","v":{"msg":"Redo log is not persisted: database durability will not be guaranteed"}}
{"ts":"2020-05-31T21:38:56.342","pid":2844,"tid":"3538","sev":"info","req":"-","sess":"-","k":"background-scheduler-created","v":{}}
{"ts":"2020-05-31T21:38:56.352","pid":2844,"tid":"3538","sev":"info","req":"-","sess":"-","k":"dbcache-init","v":{"enabled":false,"elapsed":6.3e-06}}
{"ts":"2020-05-31T21:38:56.352","pid":2844,"tid":"2a40","sev":"info","req":"-","sess":"-","k":"memtracker-reclaim","v":{"managed-objects":0,"goal":2939265024,"reclaimed":0,"new-current-mem":0,"skip-count":0,"still-available":0,"notified":true,"elapsed":6.4e-06}}
{"ts":"2020-05-31T21:38:56.353","pid":2844,"tid":"3538","sev":"info","req":"-","sess":"-","k":"init-maindb-begin","v":{"path":"C:\\Users\\SRILEK~1\\AppData\\Local\\Temp\\TableauTemp\\1lj1lrz1ioaoax11sy6xg132mrph\\hyper_db"}}
{"ts":"2020-05-31T21:38:56.353","pid":2844,"tid":"3538","sev":"info","req":"-","sess":"-","k":"thread-normalizer-processor-group","v":{"group":0,"processor-count":4}}
{"ts":"2020-05-31T21:38:56.353","pid":2844,"tid":"3538","sev":"info","req":"-","sess":"-","k":"thread-normalizer-config","v":{"group-count":1,"group-size":4}}
{"ts":"2020-05-31T21:38:56.354","pid":2844,"tid":"3538","sev":"info","req":"-","sess":"-","k":"scheduler-startup","v":{"soft-limit-worker-count":0,"hard-limit-worker-count":1}}
{"ts":"2020-05-31T21:38:56.355","pid":2844,"tid":"3538","sev":"info","req":"-","sess":"-","k":"transientdb-create","v":{"temp-path":"\\\\?\\C:\\Users\\SrilekhaMurarishetty\\AppData\\Local\\Temp\\hyper_transient.2844.1.tmp","storage-identifier":{"provider":"tempFile","path":"mainDB"},"elapsed":0.0007398}}
{"ts":"2020-05-31T21:38:56.355","pid":2844,"tid":"3538","sev":"info","req":"-","sess":"-","k":"transient-provider-create","v":{"storage-id":{"provider":"tempFile","path":"mainDB"},"entry-count":1}}
{"ts":"2020-05-31T21:38:56.355","pid":2844,"tid":"3538","sev":"info","req":"-","sess":"-","k":"dbregistry-construct","v":{"persisted":false}}
{"ts":"2020-05-31T21:38:56.356","pid":2844,"tid":"3538","sev":"info","req":"-","sess":"-","k":"transientdb-create","v":{"temp-path":"\\\\?\\C:\\Users\\SrilekhaMurarishetty\\AppData\\Local\\Temp\\hyper_transient.2844.2.tmp","storage-identifier":{"provider":"tempFile","path":"sessionDB_1"},"elapsed":0.0007676}}
{"ts":"2020-05-31T21:38:56.356","pid":2844,"tid":"3538","sev":"info","req":"-","sess":"-","k":"transient-provider-create","v":{"storage-id":{"provider":"tempFile","path":"sessionDB_1"},"entry-count":2}}
{"ts":"2020-05-31T21:38:56.356","pid":2844,"tid":"3538","sev":"info","req":"-","sess":"-","k":"transient-resource-close","v":{"storage-id":{"provider":"tempFile","path":"sessionDB_1"},"reason":"entry-dropped"}}
{"ts":"2020-05-31T21:38:56.361","pid":2844,"tid":"3538","sev":"info","req":"-","sess":"-","k":"objstore-commit","v":{"isTemporary":false,"path":{"provider":"file","path":"\\\\?\\C:\\Users\\SrilekhaMurarishetty\\AppData\\Local\\Temp\\TableauTemp\\1lj1lrz1ioaoax11sy6xg132mrph\\hyper_db"},"uncommitted-changes":true,"elapsed-mark-free":6.3e-06,"elapsed-apply-pending-frees":1.5e-06,"database-size":65536,"elapsed-consolidate-freelist":8.1e-06,"directory-bytes":12368,"elapsed-write-directory-and-freelist":8.59e-05,"elapsed-sync-filehandles":0.0019828,"database-version":0,"encrypted":0,"last-write":"2020-05-31 16:08:56.359667","elapsed-write-header":0.0010582,"elapsed":0.0031501}}
{"ts":"2020-05-31T21:38:56.361","pid":2844,"tid":"3538","sev":"info","req":"-","sess":"-","k":"objstore-create","v":{"path":{"provider":"file","path":"\\\\?\\C:\\Users\\SrilekhaMurarishetty\\AppData\\Local\\Temp\\TableauTemp\\1lj1lrz1ioaoax11sy6xg132mrph\\hyper_db"},"elapsed-create-file":0.0003905,"elapsed-setup-metadata":1.75e-05,"elapsed-commit-root-record":0.0033588,"sync-directory":9.9e-06,"elapsed":0.0037787}}
{"ts":"2020-05-31T21:38:56.361","pid":2844,"tid":"3538","sev":"info","req":"-","sess":"-","k":"transient-resource-close","v":{"storage-id":{"provider":"tempFile","path":"mainDB"},"reason":"entry-dropped"}}
{"ts":"2020-05-31T21:38:56.361","pid":2844,"tid":"3538","sev":"info","req":"-","sess":"-","k":"transientdb-create","v":{"temp-path":"\\\\?\\C:\\Users\\SrilekhaMurarishetty\\AppData\\Local\\Temp\\hyper_transient.2844.3.tmp","storage-identifier":{"provider":"tempFile","path":"hyper_dbcache"},"elapsed":0.0004557}}
{"ts":"2020-05-31T21:38:56.361","pid":2844,"tid":"3538","sev":"info","req":"-","sess":"-","k":"transient-provider-create","v":{"storage-id":{"provider":"tempFile","path":"hyper_dbcache"},"entry-count":3}}
{"ts":"2020-05-31T21:38:56.361","pid":2844,"tid":"3538","sev":"info","req":"-","sess":"-","k":"objstore-tmpmapping-created","v":{"database":{"provider":"file","path":"\\\\?\\C:\\Users\\SrilekhaMurarishetty\\AppData\\Local\\Temp\\TableauTemp\\1lj1lrz1ioaoax11sy6xg132mrph\\hyper_db"},"temp-mapping":{"provider":"tempFile","path":"hyper_dbcache"}}}
{"ts":"2020-05-31T21:38:56.364","pid":2844,"tid":"3538","sev":"info","req":"-","sess":"-","k":"objstore-commit","v":{"isTemporary":false,"path":{"provider":"file","path":"\\\\?\\C:\\Users\\SrilekhaMurarishetty\\AppData\\Local\\Temp\\TableauTemp\\1lj1lrz1ioaoax11sy6xg132mrph\\hyper_db"},"uncommitted-changes":true,"elapsed-mark-free":4.9e-06,"elapsed-apply-pending-frees":1.1e-06,"database-size":65536,"elapsed-consolidate-freelist":8.3e-06,"directory-bytes":12368,"elapsed-write-directory-and-freelist":1.55e-05,"elapsed-sync-filehandles":0.0009621,"database-version":0,"encrypted":0,"last-write":"2020-05-31 16:08:56.36266","elapsed-write-header":0.0009541,"elapsed":0.0019523}}
{"ts":"2020-05-31T21:38:56.364","pid":2844,"tid":"3538","sev":"info","req":"-","sess":"-","k":"scheduler-shutdown-begin","v":{}}
{"ts":"2020-05-31T21:38:56.364","pid":2844,"tid":"3538","sev":"info","req":"-","sess":"-","k":"scheduler-shutdown-end","v":{"elapsed":0.0001572}}
{"ts":"2020-05-31T21:38:56.364","pid":2844,"tid":"3538","sev":"info","req":"-","sess":"-","k":"init-maindb-end","v":{"elapsed-create-globals":0.0017464,"db-user":"tableau_internal_user","elapsed-setup-user":0.0013225,"elapsed-create-db":0.0049337,"elapsed-save":0.0022669,"elapsed":0.0104516}}
{"ts":"2020-05-31T21:38:56.364","pid":2844,"tid":"3538","sev":"info","req":"-","sess":"-","k":"global-infrastructure-shutdown","v":{}}
{"ts":"2020-05-31T21:38:56.364","pid":2844,"tid":"3538","sev":"info","req":"-","sess":"-","k":"database-registry-shutdown-begin","v":{}}
{"ts":"2020-05-31T21:38:56.364","pid":2844,"tid":"3538","sev":"info","req":"-","sess":"-","k":"objstore-commit","v":{"isTemporary":false,"path":{"provider":"file","path":"\\\\?\\C:\\Users\\SrilekhaMurarishetty\\AppData\\Local\\Temp\\TableauTemp\\1lj1lrz1ioaoax11sy6xg132mrph\\hyper_db"},"uncommitted-changes":false,"elapsed":2.14e-05}}
{"ts":"2020-05-31T21:38:56.364","pid":2844,"tid":"3538","sev":"info","req":"-","sess":"-","k":"transient-resource-close","v":{"storage-id":{"provider":"tempFile","path":"hyper_dbcache"},"reason":"entry-dropped"}}
{"ts":"2020-05-31T21:38:56.364","pid":2844,"tid":"3538","sev":"info","req":"-","sess":"-","k":"dbregistry-release","v":{"name":"C:\\Users\\SRILEK~1\\AppData\\Local\\Temp\\TableauTemp\\1lj1lrz1ioaoax11sy6xg132mrph\\hyper_db","saved":true,"elapsed-save":0.0004756,"closed":true,"elapsed-registry-close":1.22e-05,"elapsed":0.0004901}}
{"ts":"2020-05-31T21:38:56.364","pid":2844,"tid":"3538","sev":"info","req":"-","sess":"-","k":"database-registry-shutdown-end","v":{"elapsed":0.0005011}}
{"ts":"2020-05-31T21:38:56.365","pid":2844,"tid":"3538","sev":"info","req":"-","sess":"-","k":"background-scheduler-shutdown","v":{}}
{"ts":"2020-05-31T21:38:56.365","pid":2844,"tid":"3538","sev":"info","req":"-","sess":"-","k":"background-scheduler-shutdown-end","v":{"elapsed":1.3e-06}}
{"ts":"2020-05-31T21:38:56.365","pid":2844,"tid":"3538","sev":"info","req":"-","sess":"-","k":"telemetry-settings","v":{"user-opt-in":true,"feature-flag":true}}
{"ts":"2020-05-31T21:38:56.365","pid":2844,"tid":"3538","sev":"info","req":"-","sess":"-","k":"background-scheduler-created","v":{}}
{"ts":"2020-05-31T21:38:56.373","pid":2844,"tid":"3538","sev":"info","req":"-","sess":"-","k":"dbcache-init","v":{"enabled":false,"elapsed":3e-06}}
{"ts":"2020-05-31T21:38:56.373","pid":2844,"tid":"3538","sev":"info","req":"-","sess":"-","k":"thread-normalizer-processor-group","v":{"group":0,"processor-count":4}}
{"ts":"2020-05-31T21:38:56.373","pid":2844,"tid":"3538","sev":"info","req":"-","sess":"-","k":"thread-normalizer-config","v":{"group-count":1,"group-size":4}}
{"ts":"2020-05-31T21:38:56.373","pid":2844,"tid":"3538","sev":"info","req":"-","sess":"-","k":"scheduler-startup","v":{"soft-limit-worker-count":4,"hard-limit-worker-count":4}}
{"ts":"2020-05-31T21:38:56.373","pid":2844,"tid":"3538","sev":"info","req":"-","sess":"-","k":"load-cpu-stats-poller-begin","v":{}}
{"ts":"2020-05-31T21:38:56.373","pid":2844,"tid":"3538","sev":"info","req":"-","sess":"-","k":"background-task-registered","v":{"name":"cpu-stats-poller","task-id":1,"delay":1000}}
{"ts":"2020-05-31T21:38:56.376","pid":2844,"tid":"3700","sev":"info","req":"-","sess":"-","k":"memtracker-reclaim","v":{"managed-objects":0,"goal":2939265024,"reclaimed":0,"new-current-mem":0,"skip-count":0,"still-available":0,"notified":true,"elapsed":4.1e-06}}
{"ts":"2020-05-31T21:38:56.377","pid":2844,"tid":"3538","sev":"info","req":"-","sess":"-","k":"windows-timer-resolution-configuration","v":{"value":1}}
{"ts":"2020-05-31T21:38:56.394","pid":2844,"tid":"3538","sev":"info","req":"-","sess":"-","k":"objstore-open","v":{"path":{"provider":"file","path":"\\\\?\\C:\\Users\\SrilekhaMurarishetty\\AppData\\Local\\Temp\\TableauTemp\\1lj1lrz1ioaoax11sy6xg132mrph\\hyper_db"},"elapsed-open-file":0.0152403,"database-version":0,"encrypted":0,"database-size":65536,"last-write":"2020-05-31 16:08:56.36266","elapsed-adjust-file-size":8.45e-05,"directory-bytes":12368,"elapsed-read-directory":4.38e-05,"elapsed":0.0153701}}
{"ts":"2020-05-31T21:38:56.395","pid":2844,"tid":"3538","sev":"info","req":"-","sess":"-","k":"transientdb-create","v":{"temp-path":"\\\\?\\C:\\Users\\SrilekhaMurarishetty\\AppData\\Local\\Temp\\hyper_transient.2844.4.tmp","storage-identifier":{"provider":"tempFile","path":"hyper_dbcache"},"elapsed":0.0005175}}
{"ts":"2020-05-31T21:38:56.395","pid":2844,"tid":"3538","sev":"info","req":"-","sess":"-","k":"transient-provider-create","v":{"storage-id":{"provider":"tempFile","path":"hyper_dbcache"},"entry-count":1}}
{"ts":"2020-05-31T21:38:56.395","pid":2844,"tid":"3538","sev":"info","req":"-","sess":"-","k":"objstore-tmpmapping-created","v":{"database":{"provider":"file","path":"\\\\?\\C:\\Users\\SrilekhaMurarishetty\\AppData\\Local\\Temp\\TableauTemp\\1lj1lrz1ioaoax11sy6xg132mrph\\hyper_db"},"temp-mapping":{"provider":"tempFile","path":"hyper_dbcache"}}}
{"ts":"2020-05-31T21:38:56.395","pid":2844,"tid":"3538","sev":"info","req":"-","sess":"-","k":"transientdb-create","v":{"temp-path":"\\\\?\\C:\\Users\\SrilekhaMurarishetty\\AppData\\Local\\Temp\\hyper_transient.2844.5.tmp","storage-identifier":{"provider":"tempFile","path":"sessionDB_1"},"elapsed":0.0004923}}
{"ts":"2020-05-31T21:38:56.395","pid":2844,"tid":"3538","sev":"info","req":"-","sess":"-","k":"transient-provider-create","v":{"storage-id":{"provider":"tempFile","path":"sessionDB_1"},"entry-count":2}}
{"ts":"2020-05-31T21:38:56.396","pid":2844,"tid":"3538","sev":"info","req":"-","sess":"-","k":"transient-resource-close","v":{"storage-id":{"provider":"tempFile","path":"sessionDB_1"},"reason":"entry-dropped"}}
{"ts":"2020-05-31T21:38:56.396","pid":2844,"tid":"3538","sev":"info","req":"-","sess":"-","k":"dbregistry-load","v":{"access-mode":"readwrite","name":"C:\\Users\\SRILEK~1\\AppData\\Local\\Temp\\TableauTemp\\1lj1lrz1ioaoax11sy6xg132mrph\\hyper_db","new-ref-count":1,"elapsed-registry-insert":8.2e-06,"already-loaded":false,"canonical-path":{"provider":"file","path":"\\\\?\\C:\\Users\\SrilekhaMurarishetty\\AppData\\Local\\Temp\\TableauTemp\\1lj1lrz1ioaoax11sy6xg132mrph\\hyper_db"},"elapsed-load":0.0188392,"success":true,"database-uuid":"9753f841-af2a-4ec6-9409-2f90dcea8caa","size":65536,"encryption":"none","elapsed":0.0188725}}
{"ts":"2020-05-31T21:38:56.396","pid":2844,"tid":"3538","sev":"info","req":"-","sess":"-","k":"dbregistry-construct","v":{"persisted":true,"main-db-path":"C:\\Users\\SRILEK~1\\AppData\\Local\\Temp\\TableauTemp\\1lj1lrz1ioaoax11sy6xg132mrph\\hyper_db"}}
{"ts":"2020-05-31T21:38:56.431","pid":2844,"tid":"3538","sev":"info","req":"-","sess":"-","k":"telemetry-init","v":{"enabled":true,"production-mode":true}}
{"ts":"2020-05-31T21:38:56.431","pid":2844,"tid":"3538","sev":"info","req":"-","sess":"-","k":"background-task-registered","v":{"name":"telemetry-client","task-id":2,"delay":21600000}}
{"ts":"2020-05-31T21:38:56.431","pid":2844,"tid":"3538","sev":"info","req":"-","sess":"-","k":"background-task-registered","v":{"name":"telemetry-client","task-id":3,"delay":21600000}}
{"ts":"2020-05-31T21:38:56.435","pid":2844,"tid":"3538","sev":"info","req":"-","sess":"-","k":"listen-named-pipe","v":{"pipe-name":"{87784136-7CF8-493E-8D77-A9604B060296}"}}
{"ts":"2020-05-31T21:38:56.435","pid":2844,"tid":"3538","sev":"info","req":"-","sess":"-","k":"background-task-registered","v":{"name":"resource-logger","task-id":4,"delay":10000}}
{"ts":"2020-05-31T21:38:56.435","pid":2844,"tid":"3538","sev":"info","req":"-","sess":"-","k":"server-ready","v":{"elapsed":0.133505}}
{"ts":"2020-05-31T21:38:56.435","pid":2844,"tid":"3538","sev":"info","req":"-","sess":"-","k":"callback-send-begin","v":{"callback-destination":"tab.pipe://./pipe/{B3D28121-70B2-427D-8DB4-ACFAC11E4ED6}","callback-reply":"tab.pipe://./pipe/{87784136-7CF8-493E-8D77-A9604B060296}"}}
{"ts":"2020-05-31T21:38:56.435","pid":2844,"tid":"3538","sev":"info","req":"-","sess":"-","k":"callback-send-end","v":{"elapsed-connect":5.67e-05,"local-address":"{B3D28121-70B2-427D-8DB4-ACFAC11E4ED6}","local-port":0,"remote-address":"{B3D28121-70B2-427D-8DB4-ACFAC11E4ED6}","remote-port":0,"elapsed-send":1.95e-05,"elapsed":7.95e-05}}
{"ts":"2020-05-31T21:38:56.439","pid":2844,"tid":"2710","sev":"info","req":"-","sess":"-","k":"monitor-endpoint-start","v":{}}
{"ts":"2020-05-31T21:38:56.440","pid":2844,"tid":"14b0","sev":"info","req":"-","sess":"-","k":"watchdog-started","v":{"probing-frequency":60,"timeout":300,"max-consecutive-hangs":5,"action":"terminate"}}
{"ts":"2020-05-31T21:38:56.440","pid":2844,"tid":"3244","sev":"info","req":"-","sess":"2","k":"named-pipe-client-accept","v":{"pipe-name":"auto"}}
{"ts":"2020-05-31T21:38:56.441","pid":2844,"tid":"3244","sev":"info","req":"-","sess":"-","k":"transientdb-create","v":{"temp-path":"\\\\?\\C:\\Users\\SrilekhaMurarishetty\\AppData\\Local\\Temp\\hyper_transient.2844.6.tmp","storage-identifier":{"provider":"tempFile","path":"sessionDB_2"},"elapsed":0.0005404}}
{"ts":"2020-05-31T21:38:56.441","pid":2844,"tid":"3244","sev":"info","req":"-","sess":"-","k":"transient-provider-create","v":{"storage-id":{"provider":"tempFile","path":"sessionDB_2"},"entry-count":3}}
{"ts":"2020-05-31T21:38:56.441","pid":2844,"tid":"3244","sev":"info","req":"-","sess":"2","k":"create-client-connection","v":{"cancellation_secret":1927298388}}
{"ts":"2020-05-31T21:38:56.441","pid":2844,"tid":"3244","sev":"info","req":"0","sess":"2","k":"request-header-received","v":{"len":348}}
{"ts":"2020-05-31T21:38:56.441","pid":2844,"tid":"3244","sev":"info","req":"0","sess":"2","k":"connection-startup-begin","v":{}}
{"ts":"2020-05-31T21:38:56.441","pid":2844,"tid":"3244","sev":"info","req":"0","sess":"2","k":"connection-startup-options","v":{"db-user":"tableau_internal_user","options":{"database":":main","options":{"DateStyle":"MDY","TwoDigitYearThreshold":"40","access_mode":"readwrite","client_info":"C,Windows,release_2020_2_0.2020.2.9947.r20122e58","external_client_context":"{\"req\":\"-\", \"site\":\"-\", \"user\":\"-\"}","extra_float_digits":"2","requestedProtocolVersion":"1","result_format_code":"HyperBinary","user_agent":"Internal API"}}}}
{"ts":"2020-05-31T21:38:56.441","pid":2844,"tid":"3244","sev":"info","req":"-","sess":"2","k":"dbregistry-load","v":{"new-ref-count":2,"already-loaded":true,"database-uuid":"9753f841-af2a-4ec6-9409-2f90dcea8caa","encryption":"none","elapsed":4.5e-06}}
{"ts":"2020-05-31T21:38:56.441","pid":2844,"tid":"3244","sev":"info","req":"0","sess":"2","k":"connection-startup-end","v":{"elapsed-interpret-options":5.36e-05,"elapsed-check-user":1.17e-05,"have-cred":false,"elapsed-check-authentication":1.6e-06,"elapsed":0.0002682}}
{"ts":"2020-05-31T21:39:26.738","pid":2844,"tid":"3244","sev":"info","req":"-","sess":"3","k":"named-pipe-client-accept","v":{"pipe-name":"auto"}}
{"ts":"2020-05-31T21:39:26.740","pid":2844,"tid":"3244","sev":"info","req":"-","sess":"-","k":"transientdb-create","v":{"temp-path":"\\\\?\\C:\\Users\\SrilekhaMurarishetty\\AppData\\Local\\Temp\\hyper_transient.2844.7.tmp","storage-identifier":{"provider":"tempFile","path":"sessionDB_3"},"elapsed":0.0018115}}
{"ts":"2020-05-31T21:39:26.740","pid":2844,"tid":"3244","sev":"info","req":"-","sess":"-","k":"transient-provider-create","v":{"storage-id":{"provider":"tempFile","path":"sessionDB_3"},"entry-count":4}}
{"ts":"2020-05-31T21:39:26.741","pid":2844,"tid":"3244","sev":"info","req":"-","sess":"3","k":"create-client-connection","v":{"cancellation_secret":1158778002}}
{"ts":"2020-05-31T21:39:26.757","pid":2844,"tid":"8bc","sev":"info","req":"0","sess":"3","k":"request-header-received","v":{"len":16}}
{"ts":"2020-05-31T21:39:26.758","pid":2844,"tid":"3244","sev":"info","req":"0","sess":"3","k":"cancel-request-received","v":{"id":0,"secret":1927298388}}
{"ts":"2020-05-31T21:39:26.758","pid":2844,"tid":"3244","sev":"info","req":"0","sess":"3","k":"cancel-request-end","v":{"found-connection":true,"cancel-transaction":false,"canceled-session":2,"cancel-required":false}}
{"ts":"2020-05-31T21:39:26.758","pid":2844,"tid":"c88","sev":"info","req":"0","sess":"3","k":"connection-closed","v":{}}
{"ts":"2020-05-31T21:39:26.758","pid":2844,"tid":"c88","sev":"info","req":"-","sess":"-","k":"transient-resource-close","v":{"storage-id":{"provider":"tempFile","path":"sessionDB_3"},"reason":"entry-dropped"}}
{"ts":"2020-05-31T21:39:26.758","pid":2844,"tid":"3244","sev":"info","req":"1","sess":"2","k":"request-header-received","v":{"len":22,"type":"Q"}}
{"ts":"2020-05-31T21:39:26.762","pid":2844,"tid":"f68","sev":"info","req":"1","sess":"2","ctx":{"req":"-", "site":"-", "user":"-"},"k":"query-begin","v":{"spooling":false,"query-settings-active":false,"query":"DETACH DATABASE *"}}
{"ts":"2020-05-31T21:39:26.762","pid":2844,"tid":"c88","sev":"info","req":"1","sess":"2","k":"query-running","v":{"worker-slot":3}}
{"ts":"2020-05-31T21:39:26.762","pid":2844,"tid":"c88","sev":"info","req":"1","sess":"2","k":"dbregistry-release","v":{"name":"C:\\Users\\SRILEK~1\\AppData\\Local\\Temp\\TableauTemp\\1lj1lrz1ioaoax11sy6xg132mrph\\hyper_db","saved":false,"new-ref-count":1,"elapsed":4.6e-06}}
{"ts":"2020-05-31T21:39:26.762","pid":2844,"tid":"c88","sev":"info","req":"1","sess":"2","k":"query-result-sent","v":{"success":true,"time-since-query-end":3.7e-06,"transferred-volume-mb":0.000479698}}
{"ts":"2020-05-31T21:39:26.762","pid":2844,"tid":"c88","sev":"info","req":"1","sess":"2","ctx":{"req":"-", "site":"-", "user":"-"},"k":"query-end","v":{"elapsed":0.0006057,"parsing-time":7.83e-05,"compilation-time":3.21e-05,"execution-time":3.32e-05,"exec-threads":{"total-time":3.32e-05,"cpu-time":0,"wait-time":0,"storage":{},"storage-cache":{}},"time-to-schedule":0.0002131,"lock-acquisition-time":9.9e-06,"peak-transaction-memory-mb":0.25,"peak-result-buffer-memory-mb":0,"peak-result-buffer-disk-mb":0,"result-size-mb":0.000479698,"spooling":false,"query-settings-active":false,"plan-cache-status":"not run yet","plan-cache-hit-count":0,"cols":0,"rows":0,"query-trunc":"DETACH DATABASE *"}}
{"ts":"2020-05-31T21:39:26.778","pid":2844,"tid":"8bc","sev":"info","req":"2","sess":"2","k":"request-header-received","v":{"len":4,"type":"X"}}
{"ts":"2020-05-31T21:39:26.778","pid":2844,"tid":"f68","sev":"info","req":"2","sess":"2","k":"connection-close-request","v":{"reason":"client terminated"}}
{"ts":"2020-05-31T21:39:26.778","pid":2844,"tid":"c88","sev":"info","req":"2","sess":"2","k":"connection-closed","v":{}}
{"ts":"2020-05-31T21:39:26.778","pid":2844,"tid":"c88","sev":"info","req":"-","sess":"-","k":"transient-resource-close","v":{"storage-id":{"provider":"tempFile","path":"sessionDB_2"},"reason":"entry-dropped"}}
{"ts":"2020-05-31T21:39:26.885","pid":2844,"tid":"f68","sev":"info","req":"-","sess":"-","k":"telemetry-event-finish","v":{"id":0,"data":"{\"type\":\"hyperd_system_stats\",\n\"service_name\":\"hyper\",\n\"pod\":\"\",\n\"host_name\":\"\",\n\"host_timestamp\":\"2020-05-31 16:08:56,434 +0000\",\n\"properties\":{\"cpu_logical\":4,\n\"cpu_physical\":2,\n\"cpu_features\":\"6QYIAAAAAAAACBACAAAAAP/7+n8AAAAA//vrvwAAAAC/b5wCAAAAAAAAAAAAAAAAACQAnAAAAAA=\",\n\"memory_mb\":8031,\n\"version\":\"2020.2.0.9947.r20122e58\",\n\"os_name\":\"Windows\",\n\"os_version\":\"10.0.18362.329\",\n\"product\":\"Tableau Desktop\",\n\"machine_hash\":\"uhKbaEI0WWOM\"}}","result":"Success","message":""}}
{"ts":"2020-05-31T21:39:30.326","pid":2844,"tid":"2710","sev":"error","req":"-","sess":"-","k":"connection-communication-failure","v":{"exception":{"type":"system_error","message":"No process is on the other end of the pipe","error-code":233,"error-category":"system","error-message":"No process is on the other end of the pipe"},"source":"CallbackConnectionCheck"}}
{"ts":"2020-05-31T21:39:30.326","pid":2844,"tid":"2710","sev":"info","req":"-","sess":"-","k":"monitor-endpoint-initiate-shutdown","v":{}}
{"ts":"2020-05-31T21:39:30.326","pid":2844,"tid":"f68","sev":"fatal","req":"-","sess":"-","k":"server-shutdown-signal","v":{"start-time-delta":34.0245,"signal-number":2}}
{"ts":"2020-05-31T21:39:30.327","pid":2844,"tid":"f68","sev":"info","req":"-","sess":"-","k":"drop-all-connections","v":{}}
{"ts":"2020-05-31T21:39:30.740","pid":2844,"tid":"f68","sev":"info","req":"-","sess":"-","k":"telemetry-event-finish","v":{"id":1,"data":"{\"type\":\"hyperd_sessions\",\n\"service_name\":\"hyper\",\n\"pod\":\"\",\n\"host_name\":\"\",\n\"host_timestamp\":\"2020-05-31 16:09:30,326 +0000\",\n\"properties\":{\"hapi_version_info\":\"C,Windows,release_2020_2_0.2020.2.9947.r20122e58\",\n\"count\":1,\n\"period_start\":\"2020-05-31 16:08:56,372 +0000\",\n\"user_agent\":\"Internal API\",\n\"machine_hash\":\"uhKbaEI0WWOM\"}}","result":"Success","message":""}}
{"ts":"2020-05-31T21:39:31.262","pid":2844,"tid":"2d40","sev":"info","req":"-","sess":"-","k":"telemetry-event-finish","v":{"id":2,"data":"{\"type\":\"hyperd_query_stats\",\n\"service_name\":\"hyper\",\n\"pod\":\"\",\n\"host_name\":\"\",\n\"host_timestamp\":\"2020-05-31 16:09:30,327 +0000\",\n\"properties\":{\"num_queries_issued\":1,\n\"num_queries_spooling\":0,\n\"query_execution_time_p50_sec\":0.000606,\n\"query_execution_time_p99_sec\":0.000606,\n\"period_start\":\"2020-05-31 16:08:56,372 +0000\",\n\"user_agent\":\"Internal API\",\n\"machine_hash\":\"uhKbaEI0WWOM\"}}","result":"Success","message":""}}
{"ts":"2020-05-31T21:39:31.262","pid":2844,"tid":"2d40","sev":"info","req":"-","sess":"-","k":"telemetry-event-finish","v":{"id":3,"data":"{\"type\":\"hyperd_error_stats\",\n\"service_name\":\"hyper\",\n\"pod\":\"\",\n\"host_name\":\"\",\n\"host_timestamp\":\"2020-05-31 16:09:30,327 +0000\",\n\"properties\":{\"num_sys_errors\":0,\n\"num_user_errors\":0,\n\"period_start\":\"2020-05-31 16:08:56,372 +0000\",\n\"user_agent\":\"Internal API\",\n\"machine_hash\":\"uhKbaEI0WWOM\"}}","result":"Success","message":""}}
{"ts":"2020-05-31T21:39:31.337","pid":2844,"tid":"14b0","sev":"info","req":"-","sess":"-","k":"watchdog-stopped","v":{}}
{"ts":"2020-05-31T21:39:31.337","pid":2844,"tid":"3538","sev":"info","req":"-","sess":"-","k":"server-shutdown-begin","v":{"elapsed":1.01152,"start-time-delta":35.036}}
{"ts":"2020-05-31T21:39:31.339","pid":2844,"tid":"3538","sev":"info","req":"-","sess":"-","k":"scheduler-shutdown-begin","v":{}}
{"ts":"2020-05-31T21:39:31.341","pid":2844,"tid":"3538","sev":"info","req":"-","sess":"-","k":"scheduler-shutdown-end","v":{"elapsed":0.0016186}}
{"ts":"2020-05-31T21:39:31.341","pid":2844,"tid":"3538","sev":"info","req":"-","sess":"-","k":"background-scheduler-shutdown","v":{}}
{"ts":"2020-05-31T21:39:31.341","pid":2844,"tid":"3538","sev":"info","req":"-","sess":"-","k":"load-cpu-stats-poller-end","v":{}}
{"ts":"2020-05-31T21:39:31.341","pid":2844,"tid":"3538","sev":"info","req":"-","sess":"-","k":"background-scheduler-shutdown-end","v":{"elapsed":5.38e-05}}
{"ts":"2020-05-31T21:39:31.341","pid":2844,"tid":"3538","sev":"info","req":"-","sess":"-","k":"global-infrastructure-shutdown","v":{}}
{"ts":"2020-05-31T21:39:31.341","pid":2844,"tid":"3538","sev":"info","req":"-","sess":"-","k":"database-registry-shutdown-begin","v":{}}
{"ts":"2020-05-31T21:39:31.341","pid":2844,"tid":"3538","sev":"info","req":"-","sess":"-","k":"objstore-commit","v":{"isTemporary":false,"path":{"provider":"file","path":"\\\\?\\C:\\Users\\SrilekhaMurarishetty\\AppData\\Local\\Temp\\TableauTemp\\1lj1lrz1ioaoax11sy6xg132mrph\\hyper_db"},"uncommitted-changes":false,"elapsed":4.58e-05}}
{"ts":"2020-05-31T21:39:31.342","pid":2844,"tid":"3538","sev":"info","req":"-","sess":"-","k":"transient-resource-close","v":{"storage-id":{"provider":"tempFile","path":"hyper_dbcache"},"reason":"entry-dropped"}}
{"ts":"2020-05-31T21:39:31.342","pid":2844,"tid":"3538","sev":"info","req":"-","sess":"-","k":"objstore-close","v":{"path":{"provider":"file","path":"\\\\?\\C:\\Users\\SrilekhaMurarishetty\\AppData\\Local\\Temp\\TableauTemp\\1lj1lrz1ioaoax11sy6xg132mrph\\hyper_db"},"mode":"read-write","had-cache-hit":false,"main-resource-size-bytes":65536,"written-bytes":0,"accessed-bytes":{"direct":1053,"indirect":0},"cache-read-bytes":0,"cache-write-bytes":0,"cache-resource-size-bytes":0,"elapsed":0.0009896}}
{"ts":"2020-05-31T21:39:31.343","pid":2844,"tid":"3538","sev":"info","req":"-","sess":"-","k":"dbregistry-release","v":{"name":"C:\\Users\\SRILEK~1\\AppData\\Local\\Temp\\TableauTemp\\1lj1lrz1ioaoax11sy6xg132mrph\\hyper_db","saved":true,"elapsed-save":0.0017281,"closed":true,"elapsed-registry-close":2.07e-05,"elapsed":0.0017598}}
{"ts":"2020-05-31T21:39:31.343","pid":2844,"tid":"3538","sev":"info","req":"-","sess":"-","k":"database-registry-shutdown-end","v":{"elapsed":0.0017807}}
{"ts":"2020-05-31T21:39:31.346","pid":2844,"tid":"3538","sev":"info","req":"-","sess":"-","k":"server-shutdown-end","v":{"elapsed":1.01994,"start-time-delta":35.0444}}
{"ts":"2020-05-31T21:39:31.349","pid":2844,"tid":"3538","sev":"info","req":"-","sess":"-","k":"logging-end","v":{}}
{"ts":"2020-05-31T21:39:31.351","pid":2844,"tid":"c28","sev":"info","req":"-","sess":"-","k":"log-close","v":{"path":"\\\\?\\C:\\Users\\SrilekhaMurarishetty\\Documents\\My Tableau Repository\\Logs\\hyperd_3.log"}}
